Using pre-set license
Built from '2021.2/staging' branch; Version is '2021.2.5f1 (4ec9a5e799f5) revision 5163429'; Using compiler version '192829333'; Build Type 'Release'
OS: 'Windows 10  (10.0.19044) 64bit Professional' Language: 'tr' Physical Memory: 16333 MB
BatchMode: 1, IsHumanControllingUs: 0, StartBugReporterOnCrash: 0, Is64bit: 1, IsPro: 0

COMMAND LINE ARGUMENTS:
C:\Program Files\Unity\Hub\Editor\2021.2.5f1\Editor\Unity.exe
-adb2
-batchMode
-noUpm
-name
AssetImportWorker3
-projectPath
C:/Users/user/OneDrive/Masaüstü/unityprojeler/RPG PROJE
-logFile
Logs/AssetImportWorker3.log
-srvPort
58835
Successfully changed project path to: C:/Users/user/OneDrive/Masaüstü/unityprojeler/RPG PROJE
C:/Users/user/OneDrive/Masaüstü/unityprojeler/RPG PROJE
[UnityMemory] Configuration Parameters - Can be set up in boot.config
    "memorysetup-bucket-allocator-granularity=16"
    "memorysetup-bucket-allocator-bucket-count=8"
    "memorysetup-bucket-allocator-block-size=33554432"
    "memorysetup-bucket-allocator-block-count=8"
    "memorysetup-main-allocator-block-size=16777216"
    "memorysetup-thread-allocator-block-size=16777216"
    "memorysetup-gfx-main-allocator-block-size=16777216"
    "memorysetup-gfx-thread-allocator-block-size=16777216"
    "memorysetup-cache-allocator-block-size=4194304"
    "memorysetup-typetree-allocator-block-size=2097152"
    "memorysetup-profiler-bucket-allocator-granularity=16"
    "memorysetup-profiler-bucket-allocator-bucket-count=8"
    "memorysetup-profiler-bucket-allocator-block-size=33554432"
    "memorysetup-profiler-bucket-allocator-block-count=8"
    "memorysetup-profiler-allocator-block-size=16777216"
    "memorysetup-profiler-editor-allocator-block-size=1048576"
    "memorysetup-temp-allocator-size-main=16777216"
    "memorysetup-job-temp-allocator-block-size=2097152"
    "memorysetup-job-temp-allocator-block-size-background=1048576"
    "memorysetup-job-temp-allocator-reduction-small-platforms=262144"
    "memorysetup-temp-allocator-size-background-worker=32768"
    "memorysetup-temp-allocator-size-job-worker=262144"
    "memorysetup-temp-allocator-size-preload-manager=33554432"
    "memorysetup-temp-allocator-size-nav-mesh-worker=65536"
    "memorysetup-temp-allocator-size-audio-worker=65536"
    "memorysetup-temp-allocator-size-cloud-worker=32768"
    "memorysetup-temp-allocator-size-gi-baking-worker=262144"
    "memorysetup-temp-allocator-size-gfx=262144"
Refreshing native plugins compatible for Editor in 80.93 ms, found 3 plugins.
Preloading 0 native plugins for Editor in 0.00 ms.
Initialize engine version: 2021.2.5f1 (4ec9a5e799f5)
[Subsystems] Discovering subsystems at path C:/Program Files/Unity/Hub/Editor/2021.2.5f1/Editor/Data/Resources/UnitySubsystems
[Subsystems] Discovering subsystems at path C:/Users/user/OneDrive/Masaüstü/unityprojeler/RPG PROJE/Assets
GfxDevice: creating device client; threaded=0; jobified=0
Direct3D:
    Version:  Direct3D 11.0 [level 11.1]
    Renderer: NVIDIA GeForce RTX 3070 (ID=0x2484)
    Vendor:   NVIDIA
    VRAM:     8043 MB
    Driver:   30.0.14.9729
Initialize mono
Mono path[0] = 'C:/Program Files/Unity/Hub/Editor/2021.2.5f1/Editor/Data/Managed'
Mono path[1] = 'C:/Program Files/Unity/Hub/Editor/2021.2.5f1/Editor/Data/MonoBleedingEdge/lib/mono/unityjit-win32'
Mono config path = 'C:/Program Files/Unity/Hub/Editor/2021.2.5f1/Editor/Data/MonoBleedingEdge/etc'
Using monoOptions --debugger-agent=transport=dt_socket,embedding=1,server=y,suspend=n,address=127.0.0.1:56724
Begin MonoManager ReloadAssembly
Registering precompiled unity dll's ...
Register platform support module: C:/Program Files/Unity/Hub/Editor/2021.2.5f1/Editor/Data/PlaybackEngines/WindowsStandaloneSupport/UnityEditor.WindowsStandalone.Extensions.dll
Registered in 0.009740 seconds.
Native extension for WindowsStandalone target not found
Refreshing native plugins compatible for Editor in 74.97 ms, found 3 plugins.
Preloading 0 native plugins for Editor in 0.00 ms.
Mono: successfully reloaded assembly
- Completed reload, in  0.577 seconds
Domain Reload Profiling:
	ReloadAssembly (578ms)
		BeginReloadAssembly (79ms)
			ExecutionOrderSort (0ms)
			DisableScriptedObjects (0ms)
			BackupInstance (0ms)
			ReleaseScriptingObjects (0ms)
			CreateAndSetChildDomain (1ms)
		EndReloadAssembly (417ms)
			LoadAssemblies (76ms)
			RebuildTransferFunctionScriptingTraits (0ms)
			SetupTypeCache (96ms)
			ReleaseScriptCaches (0ms)
			RebuildScriptCaches (23ms)
			SetupLoadedEditorAssemblies (249ms)
				LogAssemblyErrors (0ms)
				InitializePlatformSupportModulesInManaged (15ms)
				SetLoadedEditorAssemblies (0ms)
				RefreshPlugins (75ms)
				BeforeProcessingInitializeOnLoad (1ms)
				ProcessInitializeOnLoadAttributes (115ms)
				ProcessInitializeOnLoadMethodAttributes (43ms)
				AfterProcessingInitializeOnLoad (0ms)
				EditorAssembliesLoaded (0ms)
			ExecutionOrderSort2 (0ms)
			AwakeInstancesAfterBackupRestoration (0ms)
Platform modules already initialized, skipping
Registering precompiled user dll's ...
Registered in 0.007829 seconds.
Begin MonoManager ReloadAssembly
Symbol file LoadedFromMemory doesn't match image C:\Users\user\OneDrive\Masaüstü\unityprojeler\RPG PROJE\Library\PackageCache\com.unity.visualscripting@1.7.5\Editor\VisualScripting.Core\Dependencies\YamlDotNet\Unity.VisualScripting.YamlDotNet.dll
Symbol file LoadedFromMemory doesn't match image C:\Users\user\OneDrive\Masaüstü\unityprojeler\RPG PROJE\Library\PackageCache\com.unity.visualscripting@1.7.5\Editor\VisualScripting.Core\Dependencies\DotNetZip\Unity.VisualScripting.IonicZip.dll
Native extension for WindowsStandalone target not found
Refreshing native plugins compatible for Editor in 0.66 ms, found 3 plugins.
Preloading 0 native plugins for Editor in 0.00 ms.
Mono: successfully reloaded assembly
- Completed reload, in  1.047 seconds
Domain Reload Profiling:
	ReloadAssembly (1048ms)
		BeginReloadAssembly (168ms)
			ExecutionOrderSort (0ms)
			DisableScriptedObjects (5ms)
			BackupInstance (0ms)
			ReleaseScriptingObjects (0ms)
			CreateAndSetChildDomain (22ms)
		EndReloadAssembly (780ms)
			LoadAssemblies (86ms)
			RebuildTransferFunctionScriptingTraits (0ms)
			SetupTypeCache (237ms)
			ReleaseScriptCaches (1ms)
			RebuildScriptCaches (44ms)
			SetupLoadedEditorAssemblies (330ms)
				LogAssemblyErrors (0ms)
				InitializePlatformSupportModulesInManaged (10ms)
				SetLoadedEditorAssemblies (0ms)
				RefreshPlugins (1ms)
				BeforeProcessingInitializeOnLoad (79ms)
				ProcessInitializeOnLoadAttributes (210ms)
				ProcessInitializeOnLoadMethodAttributes (20ms)
				AfterProcessingInitializeOnLoad (9ms)
				EditorAssembliesLoaded (0ms)
			ExecutionOrderSort2 (0ms)
			AwakeInstancesAfterBackupRestoration (5ms)
Platform modules already initialized, skipping
========================================================================
Worker process is ready to serve import requests
Launched and connected shader compiler UnityShaderCompiler.exe after 0.06 seconds
Refreshing native plugins compatible for Editor in 0.98 ms, found 3 plugins.
Preloading 0 native plugins for Editor in 0.00 ms.
Unloading 3224 Unused Serialized files (Serialized files now loaded: 0)
Unloading 26 unused Assets / (112.2 KB). Loaded Objects now: 3698.
Memory consumption went from 144.7 MB to 144.6 MB.
Total: 3.882700 ms (FindLiveObjects: 0.479900 ms CreateObjectMapping: 0.088100 ms MarkObjects: 3.191100 ms  DeleteObjects: 0.121800 ms)

AssetImportParameters requested are different than current active one (requested -> active):
  custom:video-decoder-ogg-theora: a1e56fd34408186e4bbccfd4996cb3dc -> 
  custom:container-muxer-webm: aa71ff27fc2769a1b78a27578f13a17b -> 
  custom:container-demuxer-webm: 4f35f7cbe854078d1ac9338744f61a02 -> 
  custom:video-encoder-webm-vp8: eb34c28f22e8b96e1ab97ce403110664 -> 
  custom:audio-encoder-webm-vorbis: bf7c407c2cedff20999df2af8eb42d56 -> 
  custom:framework-win-MediaFoundation: 216162199b28c13a410421893ffa2e32 -> 
  custom:container-demuxer-ogg: 62fdf1f143b41e24485cea50d1cbac27 -> 
  custom:video-decoder-webm-vp8: 9c59270c3fd7afecdb556c50c9e8de78 -> 
  custom:audio-decoder-ogg-vorbis: bf7c407c2cedff20999df2af8eb42d56 -> 
========================================================================
Received Import Request.
  Time since last request: 4542.766132 seconds.
  path: Assets/RPGAssets/Trees/Shared Sources/Textures/BODT Conifer Trunk [Albedo] [Smoothness].tif
  artifactKey: Guid(802f5539a44734bfcacbe5243d44edf1) Importer(815301076,1909f56bfc062723c751e8b465ee728b)
Start importing Assets/RPGAssets/Trees/Shared Sources/Textures/BODT Conifer Trunk [Albedo] [Smoothness].tif using Guid(802f5539a44734bfcacbe5243d44edf1) Importer(815301076,1909f56bfc062723c751e8b465ee728b)  -> (artifact id: '9998885aced4ad6111c0159c2cdf452b') in 0.101088 seconds 
========================================================================
Received Import Request.
  Time since last request: 0.000027 seconds.
  path: Assets/RPGAssets/Trees/Shared Sources/Textures/BODT Conifer x Stump [Normal] [AO] [Specular].tif
  artifactKey: Guid(7292f645408434cb896aaee2fd9c2a14) Importer(815301076,1909f56bfc062723c751e8b465ee728b)
Start importing Assets/RPGAssets/Trees/Shared Sources/Textures/BODT Conifer x Stump [Normal] [AO] [Specular].tif using Guid(7292f645408434cb896aaee2fd9c2a14) Importer(815301076,1909f56bfc062723c751e8b465ee728b)  -> (artifact id: '8f32e8607844d51a7b17c28c7f960601') in 0.134657 seconds 
========================================================================
Received Import Request.
  Time since last request: 4.525904 seconds.
  path: Assets/RPGAssets/Buildings/Textures/build_boat_02_n.tif
  artifactKey: Guid(b0a40f304ba3d5c42a00c73644c4220d) Importer(815301076,1909f56bfc062723c751e8b465ee728b)
Start importing Assets/RPGAssets/Buildings/Textures/build_boat_02_n.tif using Guid(b0a40f304ba3d5c42a00c73644c4220d) Importer(815301076,1909f56bfc062723c751e8b465ee728b)  -> (artifact id: 'b5bb3a6fd94d26461d9295509a3c66df') in 0.038825 seconds 
========================================================================
Received Import Request.
  Time since last request: 0.328334 seconds.
  path: Assets/RPGAssets/Buildings/Textures/build_building_02_sg.tif
  artifactKey: Guid(c77bb86e08c2f514eb12398fed8a4427) Importer(815301076,1909f56bfc062723c751e8b465ee728b)
Start importing Assets/RPGAssets/Buildings/Textures/build_building_02_sg.tif using Guid(c77bb86e08c2f514eb12398fed8a4427) Importer(815301076,1909f56bfc062723c751e8b465ee728b)  -> (artifact id: '39ef252449291d66efb88fd4e232f40e') in 0.017842 seconds 
========================================================================
Received Import Request.
  Time since last request: 1.244259 seconds.
  path: Assets/RPGAssets/Buildings/Textures/build_gate_02_a.tif
  artifactKey: Guid(0bf272a558270264cb32b4c74d803e25) Importer(815301076,1909f56bfc062723c751e8b465ee728b)
Start importing Assets/RPGAssets/Buildings/Textures/build_gate_02_a.tif using Guid(0bf272a558270264cb32b4c74d803e25) Importer(815301076,1909f56bfc062723c751e8b465ee728b)  -> (artifact id: '6e14cd1fd3ca6a1a4f949c446947e328') in 0.016883 seconds 
========================================================================
Received Import Request.
  Time since last request: 0.766447 seconds.
  path: Assets/RPGAssets/Buildings/Textures/build_tower_01_a.tif
  artifactKey: Guid(fc537b0c64a7ca5458e6371ff288af44) Importer(815301076,1909f56bfc062723c751e8b465ee728b)
Start importing Assets/RPGAssets/Buildings/Textures/build_tower_01_a.tif using Guid(fc537b0c64a7ca5458e6371ff288af44) Importer(815301076,1909f56bfc062723c751e8b465ee728b)  -> (artifact id: 'fb31380401450d1bb54086e42271384e') in 0.021040 seconds 
========================================================================
Received Import Request.
  Time since last request: 0.281714 seconds.
  path: Assets/RPGAssets/Buildings/Textures/build_tower_03_n.tif
  artifactKey: Guid(126337c83553cd14e9d8b6b6a02576d1) Importer(815301076,1909f56bfc062723c751e8b465ee728b)
Start importing Assets/RPGAssets/Buildings/Textures/build_tower_03_n.tif using Guid(126337c83553cd14e9d8b6b6a02576d1) Importer(815301076,1909f56bfc062723c751e8b465ee728b)  -> (artifact id: 'a1872a1138dc032f6cc49715acfacd0c') in 0.017750 seconds 
========================================================================
Received Import Request.
  Time since last request: 0.023735 seconds.
  path: Assets/RPGAssets/Buildings/Textures/build_village_fence_01_n.tif
  artifactKey: Guid(8e352cb081b7246d7ad890ba3dc594a1) Importer(815301076,1909f56bfc062723c751e8b465ee728b)
Start importing Assets/RPGAssets/Buildings/Textures/build_village_fence_01_n.tif using Guid(8e352cb081b7246d7ad890ba3dc594a1) Importer(815301076,1909f56bfc062723c751e8b465ee728b)  -> (artifact id: '0f86a7cf981fd3d4c59ee5aa40193c50') in 0.016304 seconds 
========================================================================
Received Import Request.
  Time since last request: 0.197143 seconds.
  path: Assets/RPGAssets/Trees/Shared Sources/Textures/Billboards/Billboard Bare/Conifer Bare [Normal] [Trans] [Smoothness].png
  artifactKey: Guid(a88058accae174b14b3aac765ff6bd72) Importer(815301076,1909f56bfc062723c751e8b465ee728b)
Start importing Assets/RPGAssets/Trees/Shared Sources/Textures/Billboards/Billboard Bare/Conifer Bare [Normal] [Trans] [Smoothness].png using Guid(a88058accae174b14b3aac765ff6bd72) Importer(815301076,1909f56bfc062723c751e8b465ee728b)  -> (artifact id: 'cc4f6cfc83efc79a332834b0deeb64aa') in 0.021615 seconds 
========================================================================
Received Import Request.
  Time since last request: 0.022955 seconds.
  path: Assets/RPGAssets/Trees/Shared Sources/Textures/Billboards/Billboard Small/Conifer Small [Normal] [Trans] [Smoothness].png
  artifactKey: Guid(6774adab402874d14b5f931ea7cc3386) Importer(815301076,1909f56bfc062723c751e8b465ee728b)
Start importing Assets/RPGAssets/Trees/Shared Sources/Textures/Billboards/Billboard Small/Conifer Small [Normal] [Trans] [Smoothness].png using Guid(6774adab402874d14b5f931ea7cc3386) Importer(815301076,1909f56bfc062723c751e8b465ee728b)  -> (artifact id: '6f423331670b56dbaf6f0e4cfb4163b0') in 0.022483 seconds 
========================================================================
Received Import Request.
  Time since last request: 0.000024 seconds.
  path: Assets/RPGAssets/Trees/Render Pipeline Support/Built-in RP/CTI Runtime Components/Default Components/Resources/CTI_default_normal_spec.psd
  artifactKey: Guid(9a7c47bf0d59240a68e9d9fd692f632b) Importer(815301076,1909f56bfc062723c751e8b465ee728b)
Start importing Assets/RPGAssets/Trees/Render Pipeline Support/Built-in RP/CTI Runtime Components/Default Components/Resources/CTI_default_normal_spec.psd using Guid(9a7c47bf0d59240a68e9d9fd692f632b) Importer(815301076,1909f56bfc062723c751e8b465ee728b)  -> (artifact id: 'c5a0a54d7c14e2a1c99639a01f6547d6') in 0.023072 seconds 
========================================================================
Received Import Request.
  Time since last request: 0.213850 seconds.
  path: Assets/RPGAssets/Enemy/Enemy_Bottom_diffuse.png
  artifactKey: Guid(fd47a6d6dd3d37344827608969794c87) Importer(815301076,1909f56bfc062723c751e8b465ee728b)
Start importing Assets/RPGAssets/Enemy/Enemy_Bottom_diffuse.png using Guid(fd47a6d6dd3d37344827608969794c87) Importer(815301076,1909f56bfc062723c751e8b465ee728b)  -> (artifact id: 'fd22d71e7c70e7633584a3292a6633ba') in 0.017786 seconds 
========================================================================
Received Import Request.
  Time since last request: 0.000027 seconds.
  path: Assets/RPGAssets/Enemy/Enemy_Bottom_gloss.png
  artifactKey: Guid(d2aaa25e4bd21a14aa7b52a528931477) Importer(815301076,1909f56bfc062723c751e8b465ee728b)
Start importing Assets/RPGAssets/Enemy/Enemy_Bottom_gloss.png using Guid(d2aaa25e4bd21a14aa7b52a528931477) Importer(815301076,1909f56bfc062723c751e8b465ee728b)  -> (artifact id: '3e07a9929092188922b02c819c75d9e2') in 0.015647 seconds 
========================================================================
Received Import Request.
  Time since last request: 2.926246 seconds.
  path: Assets/RPGAssets/Enemy/Enemy_Top_diffuse.png
  artifactKey: Guid(6cfd8d6c67fd09f4082afcd3d3b7299e) Importer(815301076,1909f56bfc062723c751e8b465ee728b)
Start importing Assets/RPGAssets/Enemy/Enemy_Top_diffuse.png using Guid(6cfd8d6c67fd09f4082afcd3d3b7299e) Importer(815301076,1909f56bfc062723c751e8b465ee728b)  -> (artifact id: 'e8387fd5db9b2fe9fbe36c8f62d80948') in 0.021489 seconds 
========================================================================
Received Import Request.
  Time since last request: 0.360494 seconds.
  path: Assets/RPGAssets/Details/Grass/Grass 4.png
  artifactKey: Guid(e79a83ecca9d8d8498cd8a9fbea1638d) Importer(815301076,1909f56bfc062723c751e8b465ee728b)
Start importing Assets/RPGAssets/Details/Grass/Grass 4.png using Guid(e79a83ecca9d8d8498cd8a9fbea1638d) Importer(815301076,1909f56bfc062723c751e8b465ee728b)  -> (artifact id: '163e623152d5d59166f2be085bc892cd') in 0.015969 seconds 
========================================================================
Received Import Request.
  Time since last request: 0.283247 seconds.
  path: Assets/RPGAssets/Character/Character/Karakter/Karakter_Body_specular.png
  artifactKey: Guid(03652ac3b94010a49a82efafb40bc4d4) Importer(815301076,1909f56bfc062723c751e8b465ee728b)
Start importing Assets/RPGAssets/Character/Character/Karakter/Karakter_Body_specular.png using Guid(03652ac3b94010a49a82efafb40bc4d4) Importer(815301076,1909f56bfc062723c751e8b465ee728b)  -> (artifact id: '483ca343e5096ca27fac08f55eb7bbee') in 0.016945 seconds 
========================================================================
Received Import Request.
  Time since last request: 0.027174 seconds.
  path: Assets/RPGAssets/Character/Character/Karakter/Karakter_Bottom_specular.png
  artifactKey: Guid(bf5081226c97e2649b16ef81f8390a59) Importer(815301076,1909f56bfc062723c751e8b465ee728b)
Start importing Assets/RPGAssets/Character/Character/Karakter/Karakter_Bottom_specular.png using Guid(bf5081226c97e2649b16ef81f8390a59) Importer(815301076,1909f56bfc062723c751e8b465ee728b)  -> (artifact id: '79d1167c5e329bed2ad018dac8be446c') in 0.015427 seconds 
========================================================================
Received Import Request.
  Time since last request: 0.296026 seconds.
  path: Assets/RPGAssets/Character/Character/Karakter/Karakter_Shoes_specular.png
  artifactKey: Guid(ab2d0cbab8cb80640bca4d93279152cd) Importer(815301076,1909f56bfc062723c751e8b465ee728b)
Start importing Assets/RPGAssets/Character/Character/Karakter/Karakter_Shoes_specular.png using Guid(ab2d0cbab8cb80640bca4d93279152cd) Importer(815301076,1909f56bfc062723c751e8b465ee728b)  -> (artifact id: 'eaeb10cd32f0684629a13828d5f44e5a') in 0.016891 seconds 
========================================================================
Received Import Request.
  Time since last request: 0.040528 seconds.
  path: Assets/RPGAssets/Character/Character/Karakter/Karakter_Top_specular.png
  artifactKey: Guid(4a05ef83dd2a74447a46cdb1c0b52ee9) Importer(815301076,1909f56bfc062723c751e8b465ee728b)
Start importing Assets/RPGAssets/Character/Character/Karakter/Karakter_Top_specular.png using Guid(4a05ef83dd2a74447a46cdb1c0b52ee9) Importer(815301076,1909f56bfc062723c751e8b465ee728b)  -> (artifact id: '112229a0828e6fe689fe76f7a28c74f0') in 0.016356 seconds 
========================================================================
Received Import Request.
  Time since last request: 0.301582 seconds.
  path: Assets/RPGAssets/Character2/Player_Bottom_gloss.png
  artifactKey: Guid(dee05292b76b1f14dae0770e6eddaaf4) Importer(815301076,1909f56bfc062723c751e8b465ee728b)
Start importing Assets/RPGAssets/Character2/Player_Bottom_gloss.png using Guid(dee05292b76b1f14dae0770e6eddaaf4) Importer(815301076,1909f56bfc062723c751e8b465ee728b)  -> (artifact id: '0fc0d074469702b7430c62726c42d7c6') in 0.016565 seconds 
========================================================================
Received Import Request.
  Time since last request: 0.328539 seconds.
  path: Assets/RPGAssets/Character2/Player_Top_gloss.png
  artifactKey: Guid(da68dafe22e7cbe40aa8b89c3779cdf9) Importer(815301076,1909f56bfc062723c751e8b465ee728b)
Start importing Assets/RPGAssets/Character2/Player_Top_gloss.png using Guid(da68dafe22e7cbe40aa8b89c3779cdf9) Importer(815301076,1909f56bfc062723c751e8b465ee728b)  -> (artifact id: 'f3d2f095a9b8246b37d2364b35491de6') in 0.013905 seconds 
Editor requested this worker to shutdown with reason: Scaling down because of idle timeout
AssetImportWorker is now disconnected from the server
Process exiting
Exiting without the bug reporter. Application will terminate with return code 0