Using pre-set license
Built from '2021.2/staging' branch; Version is '2021.2.5f1 (4ec9a5e799f5) revision 5163429'; Using compiler version '192829333'; Build Type 'Release'
OS: 'Windows 10  (10.0.19044) 64bit Professional' Language: 'tr' Physical Memory: 16333 MB
BatchMode: 1, IsHumanControllingUs: 0, StartBugReporterOnCrash: 0, Is64bit: 1, IsPro: 0

COMMAND LINE ARGUMENTS:
C:\Program Files\Unity\Hub\Editor\2021.2.5f1\Editor\Unity.exe
-adb2
-batchMode
-noUpm
-name
AssetImportWorker2
-projectPath
C:/Users/user/OneDrive/Masaüstü/unityprojeler/RPG PROJE
-logFile
Logs/AssetImportWorker2.log
-srvPort
52028
Successfully changed project path to: C:/Users/user/OneDrive/Masaüstü/unityprojeler/RPG PROJE
C:/Users/user/OneDrive/Masaüstü/unityprojeler/RPG PROJE
[UnityMemory] Configuration Parameters - Can be set up in boot.config
    "memorysetup-bucket-allocator-granularity=16"
    "memorysetup-bucket-allocator-bucket-count=8"
    "memorysetup-bucket-allocator-block-size=33554432"
    "memorysetup-bucket-allocator-block-count=8"
    "memorysetup-main-allocator-block-size=16777216"
    "memorysetup-thread-allocator-block-size=16777216"
    "memorysetup-gfx-main-allocator-block-size=16777216"
    "memorysetup-gfx-thread-allocator-block-size=16777216"
    "memorysetup-cache-allocator-block-size=4194304"
    "memorysetup-typetree-allocator-block-size=2097152"
    "memorysetup-profiler-bucket-allocator-granularity=16"
    "memorysetup-profiler-bucket-allocator-bucket-count=8"
    "memorysetup-profiler-bucket-allocator-block-size=33554432"
    "memorysetup-profiler-bucket-allocator-block-count=8"
    "memorysetup-profiler-allocator-block-size=16777216"
    "memorysetup-profiler-editor-allocator-block-size=1048576"
    "memorysetup-temp-allocator-size-main=16777216"
    "memorysetup-job-temp-allocator-block-size=2097152"
    "memorysetup-job-temp-allocator-block-size-background=1048576"
    "memorysetup-job-temp-allocator-reduction-small-platforms=262144"
    "memorysetup-temp-allocator-size-background-worker=32768"
    "memorysetup-temp-allocator-size-job-worker=262144"
    "memorysetup-temp-allocator-size-preload-manager=33554432"
    "memorysetup-temp-allocator-size-nav-mesh-worker=65536"
    "memorysetup-temp-allocator-size-audio-worker=65536"
    "memorysetup-temp-allocator-size-cloud-worker=32768"
    "memorysetup-temp-allocator-size-gi-baking-worker=262144"
    "memorysetup-temp-allocator-size-gfx=262144"
Refreshing native plugins compatible for Editor in 82.28 ms, found 3 plugins.
Preloading 0 native plugins for Editor in 0.00 ms.
Initialize engine version: 2021.2.5f1 (4ec9a5e799f5)
[Subsystems] Discovering subsystems at path C:/Program Files/Unity/Hub/Editor/2021.2.5f1/Editor/Data/Resources/UnitySubsystems
[Subsystems] Discovering subsystems at path C:/Users/user/OneDrive/Masaüstü/unityprojeler/RPG PROJE/Assets
GfxDevice: creating device client; threaded=0; jobified=0
Direct3D:
    Version:  Direct3D 11.0 [level 11.1]
    Renderer: NVIDIA GeForce RTX 3070 (ID=0x2484)
    Vendor:   NVIDIA
    VRAM:     8043 MB
    Driver:   30.0.14.9729
Initialize mono
Mono path[0] = 'C:/Program Files/Unity/Hub/Editor/2021.2.5f1/Editor/Data/Managed'
Mono path[1] = 'C:/Program Files/Unity/Hub/Editor/2021.2.5f1/Editor/Data/MonoBleedingEdge/lib/mono/unityjit-win32'
Mono config path = 'C:/Program Files/Unity/Hub/Editor/2021.2.5f1/Editor/Data/MonoBleedingEdge/etc'
Using monoOptions --debugger-agent=transport=dt_socket,embedding=1,server=y,suspend=n,address=127.0.0.1:56052
Begin MonoManager ReloadAssembly
Registering precompiled unity dll's ...
Register platform support module: C:/Program Files/Unity/Hub/Editor/2021.2.5f1/Editor/Data/PlaybackEngines/WindowsStandaloneSupport/UnityEditor.WindowsStandalone.Extensions.dll
Registered in 0.007042 seconds.
Native extension for WindowsStandalone target not found
Refreshing native plugins compatible for Editor in 77.50 ms, found 3 plugins.
Preloading 0 native plugins for Editor in 0.00 ms.
Mono: successfully reloaded assembly
- Completed reload, in  0.581 seconds
Domain Reload Profiling:
	ReloadAssembly (582ms)
		BeginReloadAssembly (76ms)
			ExecutionOrderSort (0ms)
			DisableScriptedObjects (0ms)
			BackupInstance (0ms)
			ReleaseScriptingObjects (0ms)
			CreateAndSetChildDomain (1ms)
		EndReloadAssembly (428ms)
			LoadAssemblies (73ms)
			RebuildTransferFunctionScriptingTraits (0ms)
			SetupTypeCache (99ms)
			ReleaseScriptCaches (0ms)
			RebuildScriptCaches (24ms)
			SetupLoadedEditorAssemblies (253ms)
				LogAssemblyErrors (0ms)
				InitializePlatformSupportModulesInManaged (15ms)
				SetLoadedEditorAssemblies (0ms)
				RefreshPlugins (78ms)
				BeforeProcessingInitializeOnLoad (1ms)
				ProcessInitializeOnLoadAttributes (112ms)
				ProcessInitializeOnLoadMethodAttributes (47ms)
				AfterProcessingInitializeOnLoad (0ms)
				EditorAssembliesLoaded (0ms)
			ExecutionOrderSort2 (0ms)
			AwakeInstancesAfterBackupRestoration (0ms)
Platform modules already initialized, skipping
Registering precompiled user dll's ...
Registered in 0.007581 seconds.
Begin MonoManager ReloadAssembly
Symbol file LoadedFromMemory doesn't match image C:\Users\user\OneDrive\Masaüstü\unityprojeler\RPG PROJE\Library\PackageCache\com.unity.visualscripting@1.7.5\Editor\VisualScripting.Core\Dependencies\YamlDotNet\Unity.VisualScripting.YamlDotNet.dll
Symbol file LoadedFromMemory doesn't match image C:\Users\user\OneDrive\Masaüstü\unityprojeler\RPG PROJE\Library\PackageCache\com.unity.visualscripting@1.7.5\Editor\VisualScripting.Core\Dependencies\DotNetZip\Unity.VisualScripting.IonicZip.dll
Native extension for WindowsStandalone target not found
Refreshing native plugins compatible for Editor in 0.72 ms, found 3 plugins.
Preloading 0 native plugins for Editor in 0.00 ms.
Mono: successfully reloaded assembly
- Completed reload, in  1.186 seconds
Domain Reload Profiling:
	ReloadAssembly (1186ms)
		BeginReloadAssembly (163ms)
			ExecutionOrderSort (0ms)
			DisableScriptedObjects (5ms)
			BackupInstance (0ms)
			ReleaseScriptingObjects (0ms)
			CreateAndSetChildDomain (19ms)
		EndReloadAssembly (927ms)
			LoadAssemblies (83ms)
			RebuildTransferFunctionScriptingTraits (0ms)
			SetupTypeCache (249ms)
			ReleaseScriptCaches (1ms)
			RebuildScriptCaches (57ms)
			SetupLoadedEditorAssemblies (330ms)
				LogAssemblyErrors (0ms)
				InitializePlatformSupportModulesInManaged (11ms)
				SetLoadedEditorAssemblies (0ms)
				RefreshPlugins (1ms)
				BeforeProcessingInitializeOnLoad (81ms)
				ProcessInitializeOnLoadAttributes (209ms)
				ProcessInitializeOnLoadMethodAttributes (19ms)
				AfterProcessingInitializeOnLoad (9ms)
				EditorAssembliesLoaded (0ms)
			ExecutionOrderSort2 (0ms)
			AwakeInstancesAfterBackupRestoration (6ms)
Platform modules already initialized, skipping
========================================================================
Worker process is ready to serve import requests
Launched and connected shader compiler UnityShaderCompiler.exe after 0.07 seconds
Refreshing native plugins compatible for Editor in 0.66 ms, found 3 plugins.
Preloading 0 native plugins for Editor in 0.00 ms.
Unloading 3226 Unused Serialized files (Serialized files now loaded: 0)
Unloading 26 unused Assets / (112.7 KB). Loaded Objects now: 3702.
Memory consumption went from 145.4 MB to 145.3 MB.
Total: 3.277200 ms (FindLiveObjects: 0.351000 ms CreateObjectMapping: 0.095300 ms MarkObjects: 2.719900 ms  DeleteObjects: 0.109300 ms)

AssetImportParameters requested are different than current active one (requested -> active):
  custom:video-decoder-ogg-theora: a1e56fd34408186e4bbccfd4996cb3dc -> 
  custom:container-muxer-webm: aa71ff27fc2769a1b78a27578f13a17b -> 
  custom:container-demuxer-webm: 4f35f7cbe854078d1ac9338744f61a02 -> 
  custom:video-encoder-webm-vp8: eb34c28f22e8b96e1ab97ce403110664 -> 
  custom:audio-encoder-webm-vorbis: bf7c407c2cedff20999df2af8eb42d56 -> 
  custom:framework-win-MediaFoundation: 216162199b28c13a410421893ffa2e32 -> 
  custom:container-demuxer-ogg: 62fdf1f143b41e24485cea50d1cbac27 -> 
  custom:video-decoder-webm-vp8: 9c59270c3fd7afecdb556c50c9e8de78 -> 
  custom:audio-decoder-ogg-vorbis: bf7c407c2cedff20999df2af8eb42d56 -> 
========================================================================
Received Import Request.
  Time since last request: 2640.287520 seconds.
  path: Assets/character/model_Bottom_diffuse.png
  artifactKey: Guid(efaf6203c2ae5af43b2c0eda2c874876) Importer(815301076,1909f56bfc062723c751e8b465ee728b)
Start importing Assets/character/model_Bottom_diffuse.png using Guid(efaf6203c2ae5af43b2c0eda2c874876) Importer(815301076,1909f56bfc062723c751e8b465ee728b)  -> (artifact id: '5fba93b2eb3ec79e451ac51877920288') in 0.105484 seconds 
========================================================================
Received Import Request.
  Time since last request: 0.000044 seconds.
  path: Assets/character/model_Shoes_normal.png
  artifactKey: Guid(f164fc1a4be0af247a6c5797b13b18ed) Importer(815301076,1909f56bfc062723c751e8b465ee728b)
Start importing Assets/character/model_Shoes_normal.png using Guid(f164fc1a4be0af247a6c5797b13b18ed) Importer(815301076,1909f56bfc062723c751e8b465ee728b)  -> (artifact id: 'ac5836e2a472494c79e0edb2201d5963') in 0.042660 seconds 
========================================================================
Received Import Request.
  Time since last request: 0.000040 seconds.
  path: Assets/character/model_Shoes_diffuse.png
  artifactKey: Guid(3192743e372ae754386360110cc2b5c5) Importer(815301076,1909f56bfc062723c751e8b465ee728b)
Start importing Assets/character/model_Shoes_diffuse.png using Guid(3192743e372ae754386360110cc2b5c5) Importer(815301076,1909f56bfc062723c751e8b465ee728b)  -> (artifact id: 'dd1376649035ef21bf731267bc7752ff') in 0.017656 seconds 
========================================================================
Received Import Request.
  Time since last request: 0.000065 seconds.
  path: Assets/character/model_Moustache_normal.png
  artifactKey: Guid(827a9159510e22b47bf7d627b97c6d34) Importer(815301076,1909f56bfc062723c751e8b465ee728b)
Start importing Assets/character/model_Moustache_normal.png using Guid(827a9159510e22b47bf7d627b97c6d34) Importer(815301076,1909f56bfc062723c751e8b465ee728b)  -> (artifact id: '163a01371557243b09596dbd2e503b31') in 0.015298 seconds 
========================================================================
Received Import Request.
  Time since last request: 11.322594 seconds.
  path: Assets/character/body.mat
  artifactKey: Guid(c4d2cb8b4110aa64d8347cc10706524a) Importer(815301076,1909f56bfc062723c751e8b465ee728b)
Start importing Assets/character/body.mat using Guid(c4d2cb8b4110aa64d8347cc10706524a) Importer(815301076,1909f56bfc062723c751e8b465ee728b)  -> (artifact id: '5cf25a8f394124f1d02834d81075568d') in 0.080588 seconds 
========================================================================
Received Import Request.
  Time since last request: 6.791279 seconds.
  path: Assets/character/top.mat
  artifactKey: Guid(ead90fdc9deb4bb4387dec6a3f21f0ed) Importer(815301076,1909f56bfc062723c751e8b465ee728b)
Start importing Assets/character/top.mat using Guid(ead90fdc9deb4bb4387dec6a3f21f0ed) Importer(815301076,1909f56bfc062723c751e8b465ee728b)  -> (artifact id: '790307786e2de1c0ca9471ea5d901925') in 0.012799 seconds 
========================================================================
Received Import Request.
  Time since last request: 5.255749 seconds.
  path: Assets/character/bottom.mat
  artifactKey: Guid(2b8496ad58ac1fb46b9724cefb3a414a) Importer(815301076,1909f56bfc062723c751e8b465ee728b)
Start importing Assets/character/bottom.mat using Guid(2b8496ad58ac1fb46b9724cefb3a414a) Importer(815301076,1909f56bfc062723c751e8b465ee728b)  -> (artifact id: '329ae5b863585b851496ddf724c4ab0e') in 0.014422 seconds 
========================================================================
Received Import Request.
  Time since last request: 4.992307 seconds.
  path: Assets/character/shoes.mat
  artifactKey: Guid(0dd6b62351ff15742ba561a99b26814a) Importer(815301076,1909f56bfc062723c751e8b465ee728b)
Start importing Assets/character/shoes.mat using Guid(0dd6b62351ff15742ba561a99b26814a) Importer(815301076,1909f56bfc062723c751e8b465ee728b)  -> (artifact id: 'f4f18bc29ecb114f0f45464f7d27e4b6') in 0.013893 seconds 
========================================================================
Received Import Request.
  Time since last request: 165.446407 seconds.
  path: Assets/character/beard.mat
  artifactKey: Guid(08f806183f0516e43ab68593ce25acea) Importer(815301076,1909f56bfc062723c751e8b465ee728b)
Start importing Assets/character/beard.mat using Guid(08f806183f0516e43ab68593ce25acea) Importer(815301076,1909f56bfc062723c751e8b465ee728b)  -> (artifact id: 'bc9e42c5736d482711fbcd3e9ea304f4') in 0.013058 seconds 
========================================================================
Received Import Request.
  Time since last request: 14.749662 seconds.
  path: Assets/character/mustache.mat
  artifactKey: Guid(0ae87387aa13c514192fcc2f54ab540f) Importer(815301076,1909f56bfc062723c751e8b465ee728b)
Start importing Assets/character/mustache.mat using Guid(0ae87387aa13c514192fcc2f54ab540f) Importer(815301076,1909f56bfc062723c751e8b465ee728b)  -> (artifact id: '410eb163f7d205eac073bb49e8cf9077') in 0.012678 seconds 
========================================================================
Received Import Request.
  Time since last request: 58.437362 seconds.
  path: Assets/character/model texture ve material
  artifactKey: Guid(98c93329d2cfca64b870d5700d97c701) Importer(815301076,1909f56bfc062723c751e8b465ee728b)
Start importing Assets/character/model texture ve material using Guid(98c93329d2cfca64b870d5700d97c701) Importer(815301076,1909f56bfc062723c751e8b465ee728b)  -> (artifact id: 'b2967b5aefc9092f81fa0419f8f2b66e') in 0.005686 seconds 
========================================================================
Received Import Request.
  Time since last request: 57.668948 seconds.
  path: Assets/character/character.prefab
  artifactKey: Guid(0d6425fd8f366c24681b9ae6937bbee7) Importer(815301076,1909f56bfc062723c751e8b465ee728b)
Start importing Assets/character/character.prefab using Guid(0d6425fd8f366c24681b9ae6937bbee7) Importer(815301076,1909f56bfc062723c751e8b465ee728b)  -> (artifact id: 'a0d2a82b94e84cc7ce8b624fee7a2472') in 0.067191 seconds 
========================================================================
Received Import Request.
  Time since last request: 193.751666 seconds.
  path: Assets/animator.controller
  artifactKey: Guid(a99af76a02225874ea6c16faf0298969) Importer(815301076,1909f56bfc062723c751e8b465ee728b)
Start importing Assets/animator.controller using Guid(a99af76a02225874ea6c16faf0298969) Importer(815301076,1909f56bfc062723c751e8b465ee728b)  -> (artifact id: '781960e17ab4de2db044211008aa6c72') in 0.008605 seconds 
========================================================================
Received Import Request.
  Time since last request: 94.536263 seconds.
  path: Assets/RPGAssets/Animations/Run.fbx
  artifactKey: Guid(1cb8ed3cbba15f0479fbae54e0a963df) Importer(815301076,1909f56bfc062723c751e8b465ee728b)
Start importing Assets/RPGAssets/Animations/Run.fbx using Guid(1cb8ed3cbba15f0479fbae54e0a963df) Importer(815301076,1909f56bfc062723c751e8b465ee728b)  -> (artifact id: '4156b20e5ae5dfd9348ed962ffc6f198') in 0.020994 seconds 
========================================================================
Received Import Request.
  Time since last request: 0.000034 seconds.
  path: Assets/RPGAssets/Character2/Player.fbx
  artifactKey: Guid(9bf42fd103a60d14bb8b4c56d8c51bee) Importer(815301076,1909f56bfc062723c751e8b465ee728b)
Start importing Assets/RPGAssets/Character2/Player.fbx using Guid(9bf42fd103a60d14bb8b4c56d8c51bee) Importer(815301076,1909f56bfc062723c751e8b465ee728b)  -> (artifact id: 'e6769df7ca2f18e4ead33df2dd2c55f0') in 0.138394 seconds 
========================================================================
Received Import Request.
  Time since last request: 305.783706 seconds.
  path: Assets/RPGAssets/Animations
  artifactKey: Guid(4bc27b5da22a602478752b7a67eab399) Importer(815301076,1909f56bfc062723c751e8b465ee728b)
Start importing Assets/RPGAssets/Animations using Guid(4bc27b5da22a602478752b7a67eab399) Importer(815301076,1909f56bfc062723c751e8b465ee728b)  -> (artifact id: 'bd9df3d317c8b52cc2b5158b86ac444a') in 0.006672 seconds 
========================================================================
Received Import Request.
  Time since last request: 131.200733 seconds.
  path: Assets/character/model texture ve material/model.fbx
  artifactKey: Guid(0e22d067564ebca469aa1744bc549289) Importer(815301076,1909f56bfc062723c751e8b465ee728b)
Start importing Assets/character/model texture ve material/model.fbx using Guid(0e22d067564ebca469aa1744bc549289) Importer(815301076,1909f56bfc062723c751e8b465ee728b)  -> (artifact id: '41e3aaf97f948c88670640cc7ca11588') in 0.152623 seconds 
========================================================================
Received Import Request.
  Time since last request: 12.193016 seconds.
  path: Assets/character/character.prefab
  artifactKey: Guid(0d6425fd8f366c24681b9ae6937bbee7) Importer(815301076,1909f56bfc062723c751e8b465ee728b)
Start importing Assets/character/character.prefab using Guid(0d6425fd8f366c24681b9ae6937bbee7) Importer(815301076,1909f56bfc062723c751e8b465ee728b)  -> (artifact id: 'ef7e8b560414d9c5b6a85374d126984c') in 0.017437 seconds 
========================================================================
Received Import Request.
  Time since last request: 38.519289 seconds.
  path: Assets/character/model texture ve material/beard.mat
  artifactKey: Guid(08f806183f0516e43ab68593ce25acea) Importer(815301076,1909f56bfc062723c751e8b465ee728b)
Start importing Assets/character/model texture ve material/beard.mat using Guid(08f806183f0516e43ab68593ce25acea) Importer(815301076,1909f56bfc062723c751e8b465ee728b)  -> (artifact id: 'c9518e9b0ea3a40f3f95b2bf52277d8a') in 0.019118 seconds 
========================================================================
Received Import Request.
  Time since last request: 0.000037 seconds.
  path: Assets/character/model texture ve material/bottom.mat
  artifactKey: Guid(2b8496ad58ac1fb46b9724cefb3a414a) Importer(815301076,1909f56bfc062723c751e8b465ee728b)
Start importing Assets/character/model texture ve material/bottom.mat using Guid(2b8496ad58ac1fb46b9724cefb3a414a) Importer(815301076,1909f56bfc062723c751e8b465ee728b)  -> (artifact id: '68b484a5c8e671f4ecb209274c2e42ea') in 0.026693 seconds 
========================================================================
Received Import Request.
  Time since last request: 5.006191 seconds.
  path: Assets/character/model texture ve material/beard.mat
  artifactKey: Guid(08f806183f0516e43ab68593ce25acea) Importer(815301076,1909f56bfc062723c751e8b465ee728b)
Start importing Assets/character/model texture ve material/beard.mat using Guid(08f806183f0516e43ab68593ce25acea) Importer(815301076,1909f56bfc062723c751e8b465ee728b)  -> (artifact id: '4508e8c4cd4496d3a62b21e8beb82b5b') in 0.022384 seconds 
========================================================================
Received Import Request.
  Time since last request: 0.000045 seconds.
  path: Assets/character/model texture ve material/bottom.mat
  artifactKey: Guid(2b8496ad58ac1fb46b9724cefb3a414a) Importer(815301076,1909f56bfc062723c751e8b465ee728b)
Start importing Assets/character/model texture ve material/bottom.mat using Guid(2b8496ad58ac1fb46b9724cefb3a414a) Importer(815301076,1909f56bfc062723c751e8b465ee728b)  -> (artifact id: '9e32f912cf62457b36a35ddd4820d1f0') in 0.054662 seconds 
========================================================================
Received Import Request.
  Time since last request: 0.000031 seconds.
  path: Assets/character/model texture ve material/model_Shoes_normal.png
  artifactKey: Guid(f164fc1a4be0af247a6c5797b13b18ed) Importer(815301076,1909f56bfc062723c751e8b465ee728b)
Start importing Assets/character/model texture ve material/model_Shoes_normal.png using Guid(f164fc1a4be0af247a6c5797b13b18ed) Importer(815301076,1909f56bfc062723c751e8b465ee728b)  -> (artifact id: '1314a16da97b5cbe6982864d9c81302b') in 0.056837 seconds 
========================================================================
Received Import Request.
  Time since last request: 0.000026 seconds.
  path: Assets/character/model texture ve material/model_Moustache_normal.png
  artifactKey: Guid(827a9159510e22b47bf7d627b97c6d34) Importer(815301076,1909f56bfc062723c751e8b465ee728b)
Start importing Assets/character/model texture ve material/model_Moustache_normal.png using Guid(827a9159510e22b47bf7d627b97c6d34) Importer(815301076,1909f56bfc062723c751e8b465ee728b)  -> (artifact id: 'ab490280c1fc069656e11d3b4f26af9b') in 0.018455 seconds 
========================================================================
Received Prepare
Registering precompiled user dll's ...
Registered in 0.009158 seconds.
Begin MonoManager ReloadAssembly
Symbol file LoadedFromMemory doesn't match image C:\Users\user\OneDrive\Masaüstü\unityprojeler\RPG PROJE\Library\PackageCache\com.unity.visualscripting@1.7.5\Editor\VisualScripting.Core\Dependencies\YamlDotNet\Unity.VisualScripting.YamlDotNet.dll
Symbol file LoadedFromMemory doesn't match image C:\Users\user\OneDrive\Masaüstü\unityprojeler\RPG PROJE\Library\PackageCache\com.unity.visualscripting@1.7.5\Editor\VisualScripting.Core\Dependencies\DotNetZip\Unity.VisualScripting.IonicZip.dll
Native extension for WindowsStandalone target not found
Refreshing native plugins compatible for Editor in 0.89 ms, found 3 plugins.
Preloading 0 native plugins for Editor in 0.00 ms.
Mono: successfully reloaded assembly
- Completed reload, in  1.212 seconds
Domain Reload Profiling:
	ReloadAssembly (1212ms)
		BeginReloadAssembly (142ms)
			ExecutionOrderSort (0ms)
			DisableScriptedObjects (5ms)
			BackupInstance (0ms)
			ReleaseScriptingObjects (0ms)
			CreateAndSetChildDomain (35ms)
		EndReloadAssembly (925ms)
			LoadAssemblies (98ms)
			RebuildTransferFunctionScriptingTraits (0ms)
			SetupTypeCache (294ms)
			ReleaseScriptCaches (2ms)
			RebuildScriptCaches (51ms)
			SetupLoadedEditorAssemblies (339ms)
				LogAssemblyErrors (0ms)
				InitializePlatformSupportModulesInManaged (11ms)
				SetLoadedEditorAssemblies (0ms)
				RefreshPlugins (1ms)
				BeforeProcessingInitializeOnLoad (80ms)
				ProcessInitializeOnLoadAttributes (208ms)
				ProcessInitializeOnLoadMethodAttributes (26ms)
				AfterProcessingInitializeOnLoad (11ms)
				EditorAssembliesLoaded (0ms)
			ExecutionOrderSort2 (0ms)
			AwakeInstancesAfterBackupRestoration (14ms)
Platform modules already initialized, skipping
Refreshing native plugins compatible for Editor in 1.32 ms, found 3 plugins.
Preloading 0 native plugins for Editor in 0.00 ms.
Unloading 3218 Unused Serialized files (Serialized files now loaded: 0)
Unloading 21 unused Assets / (79.9 KB). Loaded Objects now: 3839.
Memory consumption went from 164.9 MB to 164.8 MB.
Total: 5.475700 ms (FindLiveObjects: 0.569200 ms CreateObjectMapping: 0.089700 ms MarkObjects: 4.588900 ms  DeleteObjects: 0.224200 ms)

AssetImportParameters requested are different than current active one (requested -> active):
  custom:video-decoder-ogg-theora: a1e56fd34408186e4bbccfd4996cb3dc -> 
  custom:container-muxer-webm: aa71ff27fc2769a1b78a27578f13a17b -> 
  custom:container-demuxer-webm: 4f35f7cbe854078d1ac9338744f61a02 -> 
  custom:video-encoder-webm-vp8: eb34c28f22e8b96e1ab97ce403110664 -> 
  custom:audio-encoder-webm-vorbis: bf7c407c2cedff20999df2af8eb42d56 -> 
  custom:framework-win-MediaFoundation: 216162199b28c13a410421893ffa2e32 -> 
  custom:container-demuxer-ogg: 62fdf1f143b41e24485cea50d1cbac27 -> 
  custom:video-decoder-webm-vp8: 9c59270c3fd7afecdb556c50c9e8de78 -> 
  custom:audio-decoder-ogg-vorbis: bf7c407c2cedff20999df2af8eb42d56 -> 
========================================================================
Received Prepare
Registering precompiled user dll's ...
Registered in 0.007550 seconds.
Begin MonoManager ReloadAssembly
Symbol file LoadedFromMemory doesn't match image C:\Users\user\OneDrive\Masaüstü\unityprojeler\RPG PROJE\Library\PackageCache\com.unity.visualscripting@1.7.5\Editor\VisualScripting.Core\Dependencies\YamlDotNet\Unity.VisualScripting.YamlDotNet.dll
Symbol file LoadedFromMemory doesn't match image C:\Users\user\OneDrive\Masaüstü\unityprojeler\RPG PROJE\Library\PackageCache\com.unity.visualscripting@1.7.5\Editor\VisualScripting.Core\Dependencies\DotNetZip\Unity.VisualScripting.IonicZip.dll
Native extension for WindowsStandalone target not found
Refreshing native plugins compatible for Editor in 1.15 ms, found 3 plugins.
Preloading 0 native plugins for Editor in 0.00 ms.
Mono: successfully reloaded assembly
- Completed reload, in  1.210 seconds
Domain Reload Profiling:
	ReloadAssembly (1211ms)
		BeginReloadAssembly (160ms)
			ExecutionOrderSort (0ms)
			DisableScriptedObjects (7ms)
			BackupInstance (0ms)
			ReleaseScriptingObjects (0ms)
			CreateAndSetChildDomain (39ms)
		EndReloadAssembly (912ms)
			LoadAssemblies (90ms)
			RebuildTransferFunctionScriptingTraits (0ms)
			SetupTypeCache (280ms)
			ReleaseScriptCaches (2ms)
			RebuildScriptCaches (45ms)
			SetupLoadedEditorAssemblies (368ms)
				LogAssemblyErrors (0ms)
				InitializePlatformSupportModulesInManaged (14ms)
				SetLoadedEditorAssemblies (1ms)
				RefreshPlugins (1ms)
				BeforeProcessingInitializeOnLoad (76ms)
				ProcessInitializeOnLoadAttributes (240ms)
				ProcessInitializeOnLoadMethodAttributes (25ms)
				AfterProcessingInitializeOnLoad (11ms)
				EditorAssembliesLoaded (0ms)
			ExecutionOrderSort2 (0ms)
			AwakeInstancesAfterBackupRestoration (16ms)
Platform modules already initialized, skipping
Refreshing native plugins compatible for Editor in 0.85 ms, found 3 plugins.
Preloading 0 native plugins for Editor in 0.00 ms.
Unloading 3214 Unused Serialized files (Serialized files now loaded: 0)
Unloading 21 unused Assets / (79.8 KB). Loaded Objects now: 3841.
Memory consumption went from 164.7 MB to 164.7 MB.
Total: 4.081700 ms (FindLiveObjects: 0.626800 ms CreateObjectMapping: 0.146700 ms MarkObjects: 3.162000 ms  DeleteObjects: 0.144100 ms)

AssetImportParameters requested are different than current active one (requested -> active):
  custom:video-decoder-ogg-theora: a1e56fd34408186e4bbccfd4996cb3dc -> 
  custom:container-muxer-webm: aa71ff27fc2769a1b78a27578f13a17b -> 
  custom:container-demuxer-webm: 4f35f7cbe854078d1ac9338744f61a02 -> 
  custom:video-encoder-webm-vp8: eb34c28f22e8b96e1ab97ce403110664 -> 
  custom:audio-encoder-webm-vorbis: bf7c407c2cedff20999df2af8eb42d56 -> 
  custom:framework-win-MediaFoundation: 216162199b28c13a410421893ffa2e32 -> 
  custom:container-demuxer-ogg: 62fdf1f143b41e24485cea50d1cbac27 -> 
  custom:video-decoder-webm-vp8: 9c59270c3fd7afecdb556c50c9e8de78 -> 
  custom:audio-decoder-ogg-vorbis: bf7c407c2cedff20999df2af8eb42d56 -> 
========================================================================
Received Prepare
Registering precompiled user dll's ...
Registered in 0.007462 seconds.
Begin MonoManager ReloadAssembly
Symbol file LoadedFromMemory doesn't match image C:\Users\user\OneDrive\Masaüstü\unityprojeler\RPG PROJE\Library\PackageCache\com.unity.visualscripting@1.7.5\Editor\VisualScripting.Core\Dependencies\YamlDotNet\Unity.VisualScripting.YamlDotNet.dll
Symbol file LoadedFromMemory doesn't match image C:\Users\user\OneDrive\Masaüstü\unityprojeler\RPG PROJE\Library\PackageCache\com.unity.visualscripting@1.7.5\Editor\VisualScripting.Core\Dependencies\DotNetZip\Unity.VisualScripting.IonicZip.dll
Native extension for WindowsStandalone target not found
Refreshing native plugins compatible for Editor in 1.29 ms, found 3 plugins.
Preloading 0 native plugins for Editor in 0.00 ms.
Mono: successfully reloaded assembly
- Completed reload, in  1.168 seconds
Domain Reload Profiling:
	ReloadAssembly (1168ms)
		BeginReloadAssembly (143ms)
			ExecutionOrderSort (0ms)
			DisableScriptedObjects (8ms)
			BackupInstance (0ms)
			ReleaseScriptingObjects (0ms)
			CreateAndSetChildDomain (37ms)
		EndReloadAssembly (896ms)
			LoadAssemblies (95ms)
			RebuildTransferFunctionScriptingTraits (0ms)
			SetupTypeCache (277ms)
			ReleaseScriptCaches (2ms)
			RebuildScriptCaches (51ms)
			SetupLoadedEditorAssemblies (347ms)
				LogAssemblyErrors (0ms)
				InitializePlatformSupportModulesInManaged (14ms)
				SetLoadedEditorAssemblies (1ms)
				RefreshPlugins (1ms)
				BeforeProcessingInitializeOnLoad (85ms)
				ProcessInitializeOnLoadAttributes (210ms)
				ProcessInitializeOnLoadMethodAttributes (24ms)
				AfterProcessingInitializeOnLoad (12ms)
				EditorAssembliesLoaded (0ms)
			ExecutionOrderSort2 (0ms)
			AwakeInstancesAfterBackupRestoration (14ms)
Platform modules already initialized, skipping
Refreshing native plugins compatible for Editor in 1.24 ms, found 3 plugins.
Preloading 0 native plugins for Editor in 0.00 ms.
Unloading 3214 Unused Serialized files (Serialized files now loaded: 0)
Unloading 21 unused Assets / (79.9 KB). Loaded Objects now: 3843.
Memory consumption went from 164.8 MB to 164.7 MB.
Total: 3.771000 ms (FindLiveObjects: 0.531800 ms CreateObjectMapping: 0.095800 ms MarkObjects: 2.940900 ms  DeleteObjects: 0.200800 ms)

AssetImportParameters requested are different than current active one (requested -> active):
  custom:video-decoder-ogg-theora: a1e56fd34408186e4bbccfd4996cb3dc -> 
  custom:container-muxer-webm: aa71ff27fc2769a1b78a27578f13a17b -> 
  custom:container-demuxer-webm: 4f35f7cbe854078d1ac9338744f61a02 -> 
  custom:video-encoder-webm-vp8: eb34c28f22e8b96e1ab97ce403110664 -> 
  custom:audio-encoder-webm-vorbis: bf7c407c2cedff20999df2af8eb42d56 -> 
  custom:framework-win-MediaFoundation: 216162199b28c13a410421893ffa2e32 -> 
  custom:container-demuxer-ogg: 62fdf1f143b41e24485cea50d1cbac27 -> 
  custom:video-decoder-webm-vp8: 9c59270c3fd7afecdb556c50c9e8de78 -> 
  custom:audio-decoder-ogg-vorbis: bf7c407c2cedff20999df2af8eb42d56 -> 
========================================================================
Received Prepare
Registering precompiled user dll's ...
Registered in 0.009300 seconds.
Begin MonoManager ReloadAssembly
Symbol file LoadedFromMemory doesn't match image C:\Users\user\OneDrive\Masaüstü\unityprojeler\RPG PROJE\Library\PackageCache\com.unity.visualscripting@1.7.5\Editor\VisualScripting.Core\Dependencies\YamlDotNet\Unity.VisualScripting.YamlDotNet.dll
Symbol file LoadedFromMemory doesn't match image C:\Users\user\OneDrive\Masaüstü\unityprojeler\RPG PROJE\Library\PackageCache\com.unity.visualscripting@1.7.5\Editor\VisualScripting.Core\Dependencies\DotNetZip\Unity.VisualScripting.IonicZip.dll
Native extension for WindowsStandalone target not found
Refreshing native plugins compatible for Editor in 0.98 ms, found 3 plugins.
Preloading 0 native plugins for Editor in 0.00 ms.
Mono: successfully reloaded assembly
- Completed reload, in  1.149 seconds
Domain Reload Profiling:
	ReloadAssembly (1149ms)
		BeginReloadAssembly (149ms)
			ExecutionOrderSort (0ms)
			DisableScriptedObjects (7ms)
			BackupInstance (0ms)
			ReleaseScriptingObjects (0ms)
			CreateAndSetChildDomain (39ms)
		EndReloadAssembly (869ms)
			LoadAssemblies (89ms)
			RebuildTransferFunctionScriptingTraits (0ms)
			SetupTypeCache (255ms)
			ReleaseScriptCaches (2ms)
			RebuildScriptCaches (50ms)
			SetupLoadedEditorAssemblies (334ms)
				LogAssemblyErrors (0ms)
				InitializePlatformSupportModulesInManaged (15ms)
				SetLoadedEditorAssemblies (1ms)
				RefreshPlugins (1ms)
				BeforeProcessingInitializeOnLoad (72ms)
				ProcessInitializeOnLoadAttributes (208ms)
				ProcessInitializeOnLoadMethodAttributes (26ms)
				AfterProcessingInitializeOnLoad (11ms)
				EditorAssembliesLoaded (0ms)
			ExecutionOrderSort2 (0ms)
			AwakeInstancesAfterBackupRestoration (17ms)
Platform modules already initialized, skipping
Refreshing native plugins compatible for Editor in 1.13 ms, found 3 plugins.
Preloading 0 native plugins for Editor in 0.00 ms.
Unloading 3214 Unused Serialized files (Serialized files now loaded: 0)
Unloading 21 unused Assets / (79.9 KB). Loaded Objects now: 3845.
Memory consumption went from 164.8 MB to 164.7 MB.
Total: 4.278100 ms (FindLiveObjects: 0.579300 ms CreateObjectMapping: 0.092900 ms MarkObjects: 3.500500 ms  DeleteObjects: 0.103100 ms)

AssetImportParameters requested are different than current active one (requested -> active):
  custom:video-decoder-ogg-theora: a1e56fd34408186e4bbccfd4996cb3dc -> 
  custom:container-muxer-webm: aa71ff27fc2769a1b78a27578f13a17b -> 
  custom:container-demuxer-webm: 4f35f7cbe854078d1ac9338744f61a02 -> 
  custom:video-encoder-webm-vp8: eb34c28f22e8b96e1ab97ce403110664 -> 
  custom:audio-encoder-webm-vorbis: bf7c407c2cedff20999df2af8eb42d56 -> 
  custom:framework-win-MediaFoundation: 216162199b28c13a410421893ffa2e32 -> 
  custom:container-demuxer-ogg: 62fdf1f143b41e24485cea50d1cbac27 -> 
  custom:video-decoder-webm-vp8: 9c59270c3fd7afecdb556c50c9e8de78 -> 
  custom:audio-decoder-ogg-vorbis: bf7c407c2cedff20999df2af8eb42d56 -> 
========================================================================
Received Prepare
Registering precompiled user dll's ...
Registered in 0.007215 seconds.
Begin MonoManager ReloadAssembly
Symbol file LoadedFromMemory doesn't match image C:\Users\user\OneDrive\Masaüstü\unityprojeler\RPG PROJE\Library\PackageCache\com.unity.visualscripting@1.7.5\Editor\VisualScripting.Core\Dependencies\YamlDotNet\Unity.VisualScripting.YamlDotNet.dll
Symbol file LoadedFromMemory doesn't match image C:\Users\user\OneDrive\Masaüstü\unityprojeler\RPG PROJE\Library\PackageCache\com.unity.visualscripting@1.7.5\Editor\VisualScripting.Core\Dependencies\DotNetZip\Unity.VisualScripting.IonicZip.dll
Native extension for WindowsStandalone target not found
Refreshing native plugins compatible for Editor in 1.10 ms, found 3 plugins.
Preloading 0 native plugins for Editor in 0.00 ms.
Mono: successfully reloaded assembly
- Completed reload, in  1.166 seconds
Domain Reload Profiling:
	ReloadAssembly (1167ms)
		BeginReloadAssembly (152ms)
			ExecutionOrderSort (0ms)
			DisableScriptedObjects (6ms)
			BackupInstance (0ms)
			ReleaseScriptingObjects (0ms)
			CreateAndSetChildDomain (36ms)
		EndReloadAssembly (884ms)
			LoadAssemblies (99ms)
			RebuildTransferFunctionScriptingTraits (0ms)
			SetupTypeCache (275ms)
			ReleaseScriptCaches (2ms)
			RebuildScriptCaches (43ms)
			SetupLoadedEditorAssemblies (349ms)
				LogAssemblyErrors (0ms)
				InitializePlatformSupportModulesInManaged (15ms)
				SetLoadedEditorAssemblies (1ms)
				RefreshPlugins (1ms)
				BeforeProcessingInitializeOnLoad (77ms)
				ProcessInitializeOnLoadAttributes (218ms)
				ProcessInitializeOnLoadMethodAttributes (26ms)
				AfterProcessingInitializeOnLoad (10ms)
				EditorAssembliesLoaded (0ms)
			ExecutionOrderSort2 (0ms)
			AwakeInstancesAfterBackupRestoration (13ms)
Platform modules already initialized, skipping
Refreshing native plugins compatible for Editor in 1.32 ms, found 3 plugins.
Preloading 0 native plugins for Editor in 0.00 ms.
Unloading 3214 Unused Serialized files (Serialized files now loaded: 0)
Unloading 21 unused Assets / (79.8 KB). Loaded Objects now: 3847.
Memory consumption went from 164.8 MB to 164.7 MB.
Total: 4.582900 ms (FindLiveObjects: 0.498500 ms CreateObjectMapping: 0.100300 ms MarkObjects: 3.832000 ms  DeleteObjects: 0.150600 ms)

AssetImportParameters requested are different than current active one (requested -> active):
  custom:video-decoder-ogg-theora: a1e56fd34408186e4bbccfd4996cb3dc -> 
  custom:container-muxer-webm: aa71ff27fc2769a1b78a27578f13a17b -> 
  custom:container-demuxer-webm: 4f35f7cbe854078d1ac9338744f61a02 -> 
  custom:video-encoder-webm-vp8: eb34c28f22e8b96e1ab97ce403110664 -> 
  custom:audio-encoder-webm-vorbis: bf7c407c2cedff20999df2af8eb42d56 -> 
  custom:framework-win-MediaFoundation: 216162199b28c13a410421893ffa2e32 -> 
  custom:container-demuxer-ogg: 62fdf1f143b41e24485cea50d1cbac27 -> 
  custom:video-decoder-webm-vp8: 9c59270c3fd7afecdb556c50c9e8de78 -> 
  custom:audio-decoder-ogg-vorbis: bf7c407c2cedff20999df2af8eb42d56 -> 
Editor requested this worker to shutdown with reason: Scaling down because of idle timeout
AssetImportWorker is now disconnected from the server
Process exiting
Exiting without the bug reporter. Application will terminate with return code 0